# JRE version: OpenJDK Runtime Environment (21.0.8) (build 21.0.8+-14196175-b1038.72)
# Java VM: OpenJDK 64-Bit Server VM (21.0.8+-14196175-b1038.72, mixed mode, tiered, compressed oops, compressed class ptrs, g1 gc, windows-amd64)
GC Precious Log:
 CardTable entry size: 512
 Card Set container configuration: InlinePtr #cards 4 size 8 Array Of Cards #cards 16 size 48 Howl #buckets 8 coarsen threshold 3686 Howl Bitmap #cards 512 size 80 coarsen threshold 460 Card regions per heap region 1 cards per card region 4096
 CPUs: 12 total, 12 available
 Memory: 15654M
 Large Page Support: Disabled
 NUMA Support: Disabled
 Compressed Oops: Enabled (Zero based)
 Heap Region Size: 2M
 Heap Min Capacity: 8M
 Heap Initial Capacity: 246M
 Heap Max Capacity: 3914M
 Pre-touch: Disabled
 Parallel Workers: 10
 Concurrent Workers: 3
 Concurrent Refinement Workers: 10
 Periodic GC: Disabled
Heap:
 garbage-first heap   total 67584K, used 44330K [0x000000070b600000, 0x0000000800000000)
  region size 2048K, 17 young (34816K), 3 survivors (6144K)
 Metaspace       used 40336K, committed 40832K, reserved 1114112K
  class space    used 4770K, committed 4992K, reserved 1048576K
GC Heap History (20 events):
Event: 1.286 GC heap before
{Heap before GC invocations=1 (full 0):
 garbage-first heap   total 251904K, used 49792K [0x000000070b600000, 0x0000000800000000)
  region size 2048K, 25 young (51200K), 2 survivors (4096K)
 Metaspace       used 18305K, committed 18560K, reserved 1114112K
  class space    used 2059K, committed 2176K, reserved 1048576K
}
Event: 1.292 GC heap after
{Heap after GC invocations=2 (full 0):
 garbage-first heap   total 251904K, used 4289K [0x000000070b600000, 0x0000000800000000)
  region size 2048K, 3 young (6144K), 3 survivors (6144K)
 Metaspace       used 18305K, committed 18560K, reserved 1114112K
  class space    used 2059K, committed 2176K, reserved 1048576K
}
Event: 1.591 GC heap before
{Heap before GC invocations=2 (full 0):
 garbage-first heap   total 251904K, used 30913K [0x000000070b600000, 0x0000000800000000)
  region size 2048K, 17 young (34816K), 3 survivors (6144K)
 Metaspace       used 21264K, committed 21504K, reserved 1114112K
  class space    used 2490K, committed 2624K, reserved 1048576K
}
Event: 1.597 GC heap after
{Heap after GC invocations=3 (full 0):
 garbage-first heap   total 251904K, used 5100K [0x000000070b600000, 0x0000000800000000)
  region size 2048K, 3 young (6144K), 3 survivors (6144K)
 Metaspace       used 21264K, committed 21504K, reserved 1114112K
  class space    used 2490K, committed 2624K, reserved 1048576K
}
Event: 1.745 GC heap before
{Heap before GC invocations=4 (full 0):
 garbage-first heap   total 20480K, used 19436K [0x000000070b600000, 0x0000000800000000)
  region size 2048K, 10 young (20480K), 3 survivors (6144K)
 Metaspace       used 21859K, committed 22144K, reserved 1114112K
  class space    used 2555K, committed 2688K, reserved 1048576K
}
Event: 1.753 GC heap after
{Heap after GC invocations=5 (full 0):
 garbage-first heap   total 26624K, used 5824K [0x000000070b600000, 0x0000000800000000)
  region size 2048K, 3 young (6144K), 3 survivors (6144K)
 Metaspace       used 21859K, committed 22144K, reserved 1114112K
  class space    used 2555K, committed 2688K, reserved 1048576K
}
Event: 1.814 GC heap before
{Heap before GC invocations=5 (full 0):
 garbage-first heap   total 26624K, used 14016K [0x000000070b600000, 0x0000000800000000)
  region size 2048K, 7 young (14336K), 3 survivors (6144K)
 Metaspace       used 22160K, committed 22464K, reserved 1114112K
  class space    used 2590K, committed 2688K, reserved 1048576K
}
Event: 1.821 GC heap after
{Heap after GC invocations=6 (full 0):
 garbage-first heap   total 26624K, used 6562K [0x000000070b600000, 0x0000000800000000)
  region size 2048K, 1 young (2048K), 1 survivors (2048K)
 Metaspace       used 22160K, committed 22464K, reserved 1114112K
  class space    used 2590K, committed 2688K, reserved 1048576K
}
Event: 1.960 GC heap before
{Heap before GC invocations=6 (full 0):
 garbage-first heap   total 26624K, used 18850K [0x000000070b600000, 0x0000000800000000)
  region size 2048K, 7 young (14336K), 1 survivors (2048K)
 Metaspace       used 22740K, committed 23104K, reserved 1114112K
  class space    used 2661K, committed 2816K, reserved 1048576K
}
Event: 1.963 GC heap after
{Heap after GC invocations=7 (full 0):
 garbage-first heap   total 26624K, used 6945K [0x000000070b600000, 0x0000000800000000)
  region size 2048K, 1 young (2048K), 1 survivors (2048K)
 Metaspace       used 22740K, committed 23104K, reserved 1114112K
  class space    used 2661K, committed 2816K, reserved 1048576K
}
Event: 2.101 GC heap before
{Heap before GC invocations=7 (full 0):
 garbage-first heap   total 26624K, used 19233K [0x000000070b600000, 0x0000000800000000)
  region size 2048K, 7 young (14336K), 1 survivors (2048K)
 Metaspace       used 23962K, committed 24320K, reserved 1114112K
  class space    used 2796K, committed 2944K, reserved 1048576K
}
Event: 2.105 GC heap after
{Heap after GC invocations=8 (full 0):
 garbage-first heap   total 139264K, used 7347K [0x000000070b600000, 0x0000000800000000)
  region size 2048K, 1 young (2048K), 1 survivors (2048K)
 Metaspace       used 23962K, committed 24320K, reserved 1114112K
  class space    used 2796K, committed 2944K, reserved 1048576K
}
Event: 2.739 GC heap before
{Heap before GC invocations=8 (full 0):
 garbage-first heap   total 139264K, used 85171K [0x000000070b600000, 0x0000000800000000)
  region size 2048K, 40 young (81920K), 1 survivors (2048K)
 Metaspace       used 32525K, committed 32896K, reserved 1114112K
  class space    used 3750K, committed 3904K, reserved 1048576K
}
Event: 2.744 GC heap after
{Heap after GC invocations=9 (full 0):
 garbage-first heap   total 139264K, used 11319K [0x000000070b600000, 0x0000000800000000)
  region size 2048K, 3 young (6144K), 3 survivors (6144K)
 Metaspace       used 32525K, committed 32896K, reserved 1114112K
  class space    used 3750K, committed 3904K, reserved 1048576K
}
Event: 2.912 GC heap before
{Heap before GC invocations=9 (full 0):
 garbage-first heap   total 139264K, used 46135K [0x000000070b600000, 0x0000000800000000)
  region size 2048K, 21 young (43008K), 3 survivors (6144K)
 Metaspace       used 35567K, committed 35968K, reserved 1114112K
  class space    used 4149K, committed 4352K, reserved 1048576K
}
Event: 2.915 GC heap after
{Heap after GC invocations=10 (full 0):
 garbage-first heap   total 139264K, used 12600K [0x000000070b600000, 0x0000000800000000)
  region size 2048K, 4 young (8192K), 4 survivors (8192K)
 Metaspace       used 35567K, committed 35968K, reserved 1114112K
  class space    used 4149K, committed 4352K, reserved 1048576K
}
Event: 3.161 GC heap before
{Heap before GC invocations=11 (full 0):
 garbage-first heap   total 55296K, used 51512K [0x000000070b600000, 0x0000000800000000)
  region size 2048K, 23 young (47104K), 4 survivors (8192K)
 Metaspace       used 38051K, committed 38464K, reserved 1114112K
  class space    used 4436K, committed 4608K, reserved 1048576K
}
Event: 3.167 GC heap after
{Heap after GC invocations=12 (full 0):
 garbage-first heap   total 67584K, used 15577K [0x000000070b600000, 0x0000000800000000)
  region size 2048K, 5 young (10240K), 5 survivors (10240K)
 Metaspace       used 38051K, committed 38464K, reserved 1114112K
  class space    used 4436K, committed 4608K, reserved 1048576K
}
Event: 682.154 GC heap before
{Heap before GC invocations=12 (full 0):
 garbage-first heap   total 67584K, used 44249K [0x000000070b600000, 0x0000000800000000)
  region size 2048K, 19 young (38912K), 5 survivors (10240K)
 Metaspace       used 39974K, committed 40448K, reserved 1114112K
  class space    used 4759K, committed 4992K, reserved 1048576K
}
Event: 682.163 GC heap after
{Heap after GC invocations=13 (full 0):
 garbage-first heap   total 67584K, used 17706K [0x000000070b600000, 0x0000000800000000)
  region size 2048K, 3 young (6144K), 3 survivors (6144K)
 Metaspace       used 39974K, committed 40448K, reserved 1114112K
  class space    used 4759K, committed 4992K, reserved 1048576K
}

